<?xml version="1.0" encoding="UTF-8"?>
<!-- Generated by org.testng.reporters.JUnitReportReporter -->
<testsuite skipped="0" hostname="CAGTAM1074143" name="javaConcepts.AmazonUsingTestNG" tests="3" failures="0" timestamp="14 Dec 2017 02:38:34 GMT" time="0.037" errors="0">
  <testcase name="purchaseItems" time="0.007" classname="javaConcepts.AmazonUsingTestNG"/>
  <testcase name="updateOrder" time="0.004" classname="javaConcepts.AmazonUsingTestNG"/>
  <testcase name="removeOrder" time="0.026" classname="javaConcepts.AmazonUsingTestNG"/>
</testsuite> <!-- javaConcepts.AmazonUsingTestNG -->
