<?xml version="1.0" encoding="UTF-8"?>
<!-- Generated by org.testng.reporters.JUnitReportReporter -->
<testsuite skipped="0" hostname="CAGTAM1074143" name="automationConcepts.VerificationsUsingJUnit" tests="1" failures="0" timestamp="18 Jan 2018 02:41:49 GMT" time="11.843" errors="0">
  <testcase name="eMICalculator" time="11.843" classname="automationConcepts.VerificationsUsingJUnit"/>
</testsuite> <!-- automationConcepts.VerificationsUsingJUnit -->
